<?xml version="1.0" encoding="UTF-8" ?>
<testsuite failures="0" time="0.863" errors="1" skipped="0" tests="1" name="org.jbehave.demo.google.StartTestSuite">
  <properties>
    <property name="skip.tests" value="true"/>
    <property name="java.runtime.name" value="Java(TM) SE Runtime Environment"/>
    <property name="sun.boot.library.path" value="C:\Program Files\Java\jdk1.7.0_45\jre\bin"/>
    <property name="java.vm.version" value="24.45-b08"/>
    <property name="java.vm.vendor" value="Oracle Corporation"/>
    <property name="java.vendor.url" value="http://java.oracle.com/"/>
    <property name="path.separator" value=";"/>
    <property name="java.vm.name" value="Java HotSpot(TM) 64-Bit Server VM"/>
    <property name="file.encoding.pkg" value="sun.io"/>
    <property name="user.script" value=""/>
    <property name="user.country" value="US"/>
    <property name="sun.java.launcher" value="SUN_STANDARD"/>
    <property name="sun.os.patch.level" value="Service Pack 1"/>
    <property name="java.vm.specification.name" value="Java Virtual Machine Specification"/>
    <property name="user.dir" value="D:\AutoSolution\project\google-automation-demo"/>
    <property name="java.runtime.version" value="1.7.0_45-b18"/>
    <property name="java.awt.graphicsenv" value="sun.awt.Win32GraphicsEnvironment"/>
    <property name="basedir" value="D:\AutoSolution\project\google-automation-demo"/>
    <property name="java.endorsed.dirs" value="C:\Program Files\Java\jdk1.7.0_45\jre\lib\endorsed"/>
    <property name="os.arch" value="amd64"/>
    <property name="java.io.tmpdir" value="C:\Users\Vadym_Goncharenko\AppData\Local\Temp\"/>
    <property name="line.separator" value="
"/>
    <property name="java.vm.specification.vendor" value="Oracle Corporation"/>
    <property name="user.variant" value=""/>
    <property name="os.name" value="Windows 7"/>
    <property name="org.openqa.jetty.http.HttpRequest.maxFormContentSize" value="0"/>
    <property name="sun.jnu.encoding" value="Cp1251"/>
    <property name="java.library.path" value="C:\Program Files\Java\jdk1.7.0_45\jre\bin;C:\WINDOWS\Sun\Java\bin;C:\WINDOWS\system32;C:\WINDOWS;C:\Program Files\Broadcom\Broadcom 802.11;;C:\WINDOWS\system32;C:\WINDOWS;C:\WINDOWS\System32\Wbem;C:\WINDOWS\System32\WindowsPowerShell\v1.0\;C:\Program Files\TortoiseSVN\bin;C:\Program Files\WIDCOMM\Bluetooth Software\;C:\Program Files\WIDCOMM\Bluetooth Software\syswow64;C:\Program Files\Java\jre7\bin;C:\Program Files\Java\jdk1.7.0_45\bin;D:\Software\apache-maven-3.1.1\bin;."/>
    <property name="surefire.test.class.path" value="D:\AutoSolution\project\google-automation-demo\target\test-classes;D:\AutoSolution\project\google-automation-demo\target\classes;D:\AutoSolution\repository\org\jbehave\jbehave-core\3.4\jbehave-core-3.4.jar;D:\AutoSolution\repository\commons-collections\commons-collections\3.2.1\commons-collections-3.2.1.jar;D:\AutoSolution\repository\commons-io\commons-io\1.4\commons-io-1.4.jar;D:\AutoSolution\repository\commons-lang\commons-lang\2.5\commons-lang-2.5.jar;D:\AutoSolution\repository\org\codehaus\plexus\plexus-utils\2.0.5\plexus-utils-2.0.5.jar;D:\AutoSolution\repository\org\freemarker\freemarker\2.3.16\freemarker-2.3.16.jar;D:\AutoSolution\repository\com\thoughtworks\paranamer\paranamer\2.3\paranamer-2.3.jar;D:\AutoSolution\repository\com\thoughtworks\xstream\xstream\1.3.1\xstream-1.3.1.jar;D:\AutoSolution\repository\xpp3\xpp3_min\1.1.4c\xpp3_min-1.1.4c.jar;D:\AutoSolution\repository\junit\junit-dep\4.8.2\junit-dep-4.8.2.jar;D:\AutoSolution\repository\org\hamcrest\hamcrest-all\1.1\hamcrest-all-1.1.jar;D:\AutoSolution\repository\org\jbehave\web\jbehave-web-selenium\2.0.1\jbehave-web-selenium-2.0.1.jar;D:\AutoSolution\repository\junit\junit\4.8.2\junit-4.8.2.jar;D:\AutoSolution\repository\org\seleniumhq\selenium\client-drivers\selenium-java-client-driver\1.0.1\selenium-java-client-driver-1.0.1.jar;D:\AutoSolution\repository\org\seleniumhq\selenium\selenium-server\2.35.0\selenium-server-2.35.0.jar;D:\AutoSolution\repository\org\bouncycastle\bcprov-jdk15on\1.48\bcprov-jdk15on-1.48.jar;D:\AutoSolution\repository\org\bouncycastle\bcpkix-jdk15on\1.48\bcpkix-jdk15on-1.48.jar;D:\AutoSolution\repository\mx4j\mx4j-tools\3.0.1\mx4j-tools-3.0.1.jar;D:\AutoSolution\repository\org\mortbay\jetty\servlet-api-2.5\6.1.9\servlet-api-2.5-6.1.9.jar;D:\AutoSolution\repository\org\seleniumhq\selenium\jetty-repacked\7.6.1\jetty-repacked-7.6.1.jar;D:\AutoSolution\repository\net\jcip\jcip-annotations\1.0\jcip-annotations-1.0.jar;D:\AutoSolution\repository\org\seleniumhq\selenium\selenium-java\2.35.0\selenium-java-2.35.0.jar;D:\AutoSolution\repository\org\seleniumhq\selenium\selenium-android-driver\2.35.0\selenium-android-driver-2.35.0.jar;D:\AutoSolution\repository\org\seleniumhq\selenium\selenium-remote-driver\2.35.0\selenium-remote-driver-2.35.0.jar;D:\AutoSolution\repository\cglib\cglib-nodep\2.1_3\cglib-nodep-2.1_3.jar;D:\AutoSolution\repository\org\json\json\20080701\json-20080701.jar;D:\AutoSolution\repository\com\google\guava\guava\14.0\guava-14.0.jar;D:\AutoSolution\repository\org\seleniumhq\selenium\selenium-chrome-driver\2.35.0\selenium-chrome-driver-2.35.0.jar;D:\AutoSolution\repository\org\seleniumhq\selenium\selenium-htmlunit-driver\2.35.0\selenium-htmlunit-driver-2.35.0.jar;D:\AutoSolution\repository\net\sourceforge\htmlunit\htmlunit\2.12\htmlunit-2.12.jar;D:\AutoSolution\repository\xalan\xalan\2.7.1\xalan-2.7.1.jar;D:\AutoSolution\repository\xalan\serializer\2.7.1\serializer-2.7.1.jar;D:\AutoSolution\repository\org\apache\commons\commons-lang3\3.1\commons-lang3-3.1.jar;D:\AutoSolution\repository\org\apache\httpcomponents\httpmime\4.2.3\httpmime-4.2.3.jar;D:\AutoSolution\repository\net\sourceforge\htmlunit\htmlunit-core-js\2.12\htmlunit-core-js-2.12.jar;D:\AutoSolution\repository\xerces\xercesImpl\2.10.0\xercesImpl-2.10.0.jar;D:\AutoSolution\repository\xml-apis\xml-apis\1.4.01\xml-apis-1.4.01.jar;D:\AutoSolution\repository\net\sourceforge\nekohtml\nekohtml\1.9.18\nekohtml-1.9.18.jar;D:\AutoSolution\repository\net\sourceforge\cssparser\cssparser\0.9.9\cssparser-0.9.9.jar;D:\AutoSolution\repository\org\w3c\css\sac\1.3\sac-1.3.jar;D:\AutoSolution\repository\commons-logging\commons-logging\1.1.1\commons-logging-1.1.1.jar;D:\AutoSolution\repository\org\eclipse\jetty\jetty-websocket\8.1.9.v20130131\jetty-websocket-8.1.9.v20130131.jar;D:\AutoSolution\repository\org\eclipse\jetty\jetty-util\8.1.9.v20130131\jetty-util-8.1.9.v20130131.jar;D:\AutoSolution\repository\org\eclipse\jetty\jetty-io\8.1.9.v20130131\jetty-io-8.1.9.v20130131.jar;D:\AutoSolution\repository\org\eclipse\jetty\jetty-http\8.1.9.v20130131\jetty-http-8.1.9.v20130131.jar;D:\AutoSolution\repository\org\apache\httpcomponents\httpclient\4.2.1\httpclient-4.2.1.jar;D:\AutoSolution\repository\org\apache\httpcomponents\httpcore\4.2.1\httpcore-4.2.1.jar;D:\AutoSolution\repository\org\seleniumhq\selenium\selenium-firefox-driver\2.35.0\selenium-firefox-driver-2.35.0.jar;D:\AutoSolution\repository\org\apache\commons\commons-exec\1.1\commons-exec-1.1.jar;D:\AutoSolution\repository\org\seleniumhq\selenium\selenium-ie-driver\2.35.0\selenium-ie-driver-2.35.0.jar;D:\AutoSolution\repository\net\java\dev\jna\jna\3.4.0\jna-3.4.0.jar;D:\AutoSolution\repository\net\java\dev\jna\platform\3.4.0\platform-3.4.0.jar;D:\AutoSolution\repository\org\seleniumhq\selenium\selenium-iphone-driver\2.35.0\selenium-iphone-driver-2.35.0.jar;D:\AutoSolution\repository\org\seleniumhq\selenium\selenium-safari-driver\2.35.0\selenium-safari-driver-2.35.0.jar;D:\AutoSolution\repository\org\seleniumhq\selenium\selenium-support\2.35.0\selenium-support-2.35.0.jar;D:\AutoSolution\repository\org\seleniumhq\selenium\selenium-api\2.35.0\selenium-api-2.35.0.jar;D:\AutoSolution\repository\org\webbitserver\webbit\0.4.14\webbit-0.4.14.jar;D:\AutoSolution\repository\io\netty\netty\3.5.2.Final\netty-3.5.2.Final.jar;D:\AutoSolution\repository\org\yaml\snakeyaml\1.8\snakeyaml-1.8.jar;D:\AutoSolution\repository\commons-codec\commons-codec\1.6\commons-codec-1.6.jar;"/>
    <property name="java.specification.name" value="Java Platform API Specification"/>
    <property name="java.class.version" value="51.0"/>
    <property name="sun.management.compiler" value="HotSpot 64-Bit Tiered Compilers"/>
    <property name="os.version" value="6.1"/>
    <property name="user.home" value="C:\Users\Vadym_Goncharenko"/>
    <property name="user.timezone" value="Europe/Helsinki"/>
    <property name="java.awt.printerjob" value="sun.awt.windows.WPrinterJob"/>
    <property name="java.specification.version" value="1.7"/>
    <property name="file.encoding" value="Cp1251"/>
    <property name="user.name" value="Vadym_Goncharenko"/>
    <property name="java.class.path" value="D:\AutoSolution\project\google-automation-demo\target\surefire\surefirebooter1398987626748619030.jar"/>
    <property name="java.vm.specification.version" value="1.7"/>
    <property name="sun.arch.data.model" value="64"/>
    <property name="java.home" value="C:\Program Files\Java\jdk1.7.0_45\jre"/>
    <property name="sun.java.command" value="D:\AutoSolution\project\google-automation-demo\target\surefire\surefirebooter1398987626748619030.jar D:\AutoSolution\project\google-automation-demo\target\surefire\surefire3323606088518716394tmp D:\AutoSolution\project\google-automation-demo\target\surefire\surefire4400811876743284560tmp"/>
    <property name="java.specification.vendor" value="Oracle Corporation"/>
    <property name="user.language" value="en"/>
    <property name="awt.toolkit" value="sun.awt.windows.WToolkit"/>
    <property name="java.vm.info" value="mixed mode"/>
    <property name="java.version" value="1.7.0_45"/>
    <property name="java.ext.dirs" value="C:\Program Files\Java\jdk1.7.0_45\jre\lib\ext;C:\WINDOWS\Sun\Java\lib\ext"/>
    <property name="sun.boot.class.path" value="C:\Program Files\Java\jdk1.7.0_45\jre\lib\resources.jar;C:\Program Files\Java\jdk1.7.0_45\jre\lib\rt.jar;C:\Program Files\Java\jdk1.7.0_45\jre\lib\sunrsasign.jar;C:\Program Files\Java\jdk1.7.0_45\jre\lib\jsse.jar;C:\Program Files\Java\jdk1.7.0_45\jre\lib\jce.jar;C:\Program Files\Java\jdk1.7.0_45\jre\lib\charsets.jar;C:\Program Files\Java\jdk1.7.0_45\jre\lib\jfr.jar;C:\Program Files\Java\jdk1.7.0_45\jre\classes"/>
    <property name="java.vendor" value="Oracle Corporation"/>
    <property name="localRepository" value="D:\AutoSolution\repository"/>
    <property name="file.separator" value="\"/>
    <property name="java.vendor.url.bug" value="http://bugreport.sun.com/bugreport/"/>
    <property name="sun.cpu.endian" value="little"/>
    <property name="sun.io.unicode.encoding" value="UnicodeLittle"/>
    <property name="sun.desktop" value="windows"/>
    <property name="sun.cpu.isalist" value="amd64"/>
  </properties>
  <testcase time="0.769" classname="org.jbehave.demo.google.StartTestSuite" name="run">
    <error message="Failures in running before or after stories steps" type="org.jbehave.core.embedder.Embedder$RunningStoriesFailed">org.jbehave.core.embedder.Embedder$RunningStoriesFailed: Failures in running before or after stories steps
	at org.jbehave.core.embedder.Embedder.runStoriesAsPaths(Embedder.java:210)
	at org.jbehave.core.junit.JUnitStories.run(JUnitStories.java:20)
	at org.jbehave.demo.google.StartTestSuite.run(StartTestSuite.java:73)
	at sun.reflect.NativeMethodAccessorImpl.invoke0(Native Method)
	at sun.reflect.NativeMethodAccessorImpl.invoke(NativeMethodAccessorImpl.java:57)
	at sun.reflect.DelegatingMethodAccessorImpl.invoke(DelegatingMethodAccessorImpl.java:43)
	at java.lang.reflect.Method.invoke(Method.java:606)
	at org.junit.runners.model.FrameworkMethod$1.runReflectiveCall(FrameworkMethod.java:44)
	at org.junit.internal.runners.model.ReflectiveCallable.run(ReflectiveCallable.java:15)
	at org.junit.runners.model.FrameworkMethod.invokeExplosively(FrameworkMethod.java:41)
	at org.junit.internal.runners.statements.InvokeMethod.evaluate(InvokeMethod.java:20)
	at org.junit.runners.BlockJUnit4ClassRunner.runNotIgnored(BlockJUnit4ClassRunner.java:79)
	at org.junit.runners.BlockJUnit4ClassRunner.runChild(BlockJUnit4ClassRunner.java:71)
	at org.junit.runners.BlockJUnit4ClassRunner.runChild(BlockJUnit4ClassRunner.java:49)
	at org.junit.runners.ParentRunner$3.run(ParentRunner.java:193)
	at org.junit.runners.ParentRunner$1.schedule(ParentRunner.java:52)
	at org.junit.runners.ParentRunner.runChildren(ParentRunner.java:191)
	at org.junit.runners.ParentRunner.access$000(ParentRunner.java:42)
	at org.junit.runners.ParentRunner$2.evaluate(ParentRunner.java:184)
	at org.junit.runners.ParentRunner.run(ParentRunner.java:236)
	at org.apache.maven.surefire.junit4.JUnit4TestSet.execute(JUnit4TestSet.java:53)
	at org.apache.maven.surefire.junit4.JUnit4Provider.executeTestSet(JUnit4Provider.java:119)
	at org.apache.maven.surefire.junit4.JUnit4Provider.invoke(JUnit4Provider.java:101)
	at sun.reflect.NativeMethodAccessorImpl.invoke0(Native Method)
	at sun.reflect.NativeMethodAccessorImpl.invoke(NativeMethodAccessorImpl.java:57)
	at sun.reflect.DelegatingMethodAccessorImpl.invoke(DelegatingMethodAccessorImpl.java:43)
	at java.lang.reflect.Method.invoke(Method.java:606)
	at org.apache.maven.surefire.booter.ProviderFactory$ClassLoaderProxy.invoke(ProviderFactory.java:103)
	at com.sun.proxy.$Proxy0.invoke(Unknown Source)
	at org.apache.maven.surefire.booter.SurefireStarter.invokeProvider(SurefireStarter.java:150)
	at org.apache.maven.surefire.booter.SurefireStarter.runSuitesInProcess(SurefireStarter.java:74)
	at org.apache.maven.surefire.booter.ForkedBooter.main(ForkedBooter.java:69)
</error>
    <system-out>@HL
@HL-------------------------------------------------------
@HL T E S T S
@HL-------------------------------------------------------
@SLRunning org.jbehave.demo.google.StartTestSuite
14:51:37.640 INFO - Java: Oracle Corporation 24.45-b08
14:51:37.641 INFO - OS: Windows 7 6.1 amd64
14:51:37.653 INFO - v2.35.0, with Core v2.35.0. Built from revision 8df0c6bedf70ff9f22c647788f9fe9c8d22210e2
14:51:37.860 INFO - RemoteWebDriver instances should connect to: http://127.0.0.1:4444/wd/hub
14:51:37.864 INFO - Version Jetty/5.1.x
14:51:37.866 INFO - Started HttpContext[/selenium-server/driver,/selenium-server/driver]
14:51:37.869 INFO - Started HttpContext[/selenium-server,/selenium-server]
14:51:37.870 INFO - Started HttpContext[/,/]
14:51:37.909 INFO - Started org.openqa.jetty.jetty.servlet.ServletHandler@5381062e
14:51:37.909 INFO - Started HttpContext[/wd,/wd]
14:51:37.917 INFO - Started SocketListener on 0.0.0.0:4444
14:51:37.917 INFO - Started org.openqa.jetty.jetty.Server@67df1074
Processing system properties {}

(BeforeStories)


(AfterStories)

</system-out>
  </testcase>
</testsuite>